  Fight_interface.cpp
D:\VSRepo\Game\KursProject\Game\Engine\Fight_interface.cpp(22,77): warning C4244: аргумент: преобразование "T" в "int", возможна потеря данных
          with
          [
              T=float
          ]
D:\VSRepo\Game\KursProject\Game\Engine\Fight_interface.cpp(23,79): warning C4244: аргумент: преобразование "T" в "int", возможна потеря данных
          with
          [
              T=float
          ]
  Button.cpp
D:\VSRepo\Game\KursProject\Game\Engine\Interface\Cpp\Button.cpp(6,66): warning C4244: аргумент: преобразование "int" в "T", возможна потеря данных
          with
          [
              T=float
          ]
D:\VSRepo\Game\KursProject\Game\Engine\Interface\Cpp\Button.cpp(6,49): warning C4244: аргумент: преобразование "int" в "T", возможна потеря данных
          with
          [
              T=float
          ]
D:\VSRepo\Game\KursProject\Game\Engine\Interface\Cpp\Button.cpp(9,62): warning C4244: аргумент: преобразование "T" в "T", возможна потеря данных
          with
          [
              T=unsigned int
          ]
          and
          [
              T=float
          ]
D:\VSRepo\Game\KursProject\Game\Engine\Interface\Cpp\Button.cpp(9,45): warning C4244: аргумент: преобразование "T" в "T", возможна потеря данных
          with
          [
              T=unsigned int
          ]
          and
          [
              T=float
          ]
D:\VSRepo\Game\KursProject\Game\Engine\Interface\Cpp\Button.cpp(44,65): warning C4244: аргумент: преобразование "T" в "T", возможна потеря данных
          with
          [
              T=unsigned int
          ]
          and
          [
              T=float
          ]
D:\VSRepo\Game\KursProject\Game\Engine\Interface\Cpp\Button.cpp(44,46): warning C4244: аргумент: преобразование "T" в "T", возможна потеря данных
          with
          [
              T=unsigned int
          ]
          and
          [
              T=float
          ]
  Menu.cpp
D:\VSRepo\Game\KursProject\Game\Engine\Menu.cpp(19,113): warning C4244: аргумент: преобразование "double" в "int", возможна потеря данных
  Window.cpp
D:\VSRepo\Game\KursProject\Game\Headers\Map.h(1,1): warning C4828: Файл содержит знак, начинающийся со смещения 0x43, который является недопустимым в текущей исходной кодировке (кодовая страница 65001).
D:\VSRepo\Game\KursProject\Game\Headers\Map.h(1,1): warning C4828: Файл содержит знак, начинающийся со смещения 0x45, который является недопустимым в текущей исходной кодировке (кодовая страница 65001).
D:\VSRepo\Game\KursProject\Game\Headers\Map.h(1,1): warning C4828: Файл содержит знак, начинающийся со смещения 0x48, который является недопустимым в текущей исходной кодировке (кодовая страница 65001).
D:\VSRepo\Game\KursProject\Game\Headers\Map.h(1,1): warning C4828: Файл содержит знак, начинающийся со смещения 0x4b, который является недопустимым в текущей исходной кодировке (кодовая страница 65001).
D:\VSRepo\Game\KursProject\Game\Headers\Map.h(1,1): warning C4828: Файл содержит знак, начинающийся со смещения 0x4e, который является недопустимым в текущей исходной кодировке (кодовая страница 65001).
D:\VSRepo\Game\KursProject\Game\Headers\Map.h(1,1): warning C4828: Файл содержит знак, начинающийся со смещения 0x57, который является недопустимым в текущей исходной кодировке (кодовая страница 65001).
D:\VSRepo\Game\KursProject\Game\Headers\Map.h(1,1): warning C4828: Файл содержит знак, начинающийся со смещения 0x59, который является недопустимым в текущей исходной кодировке (кодовая страница 65001).
D:\VSRepo\Game\KursProject\Game\Headers\Map.h(1,1): warning C4828: Файл содержит знак, начинающийся со смещения 0x5c, который является недопустимым в текущей исходной кодировке (кодовая страница 65001).
D:\VSRepo\Game\KursProject\Game\Headers\Map.h(1,1): warning C4828: Файл содержит знак, начинающийся со смещения 0x60, который является недопустимым в текущей исходной кодировке (кодовая страница 65001).
D:\VSRepo\Game\KursProject\Game\Headers\Map.h(1,1): warning C4828: Файл содержит знак, начинающийся со смещения 0x63, который является недопустимым в текущей исходной кодировке (кодовая страница 65001).
D:\VSRepo\Game\KursProject\Game\Headers\Map.h(1,1): warning C4828: Файл содержит знак, начинающийся со смещения 0x67, который является недопустимым в текущей исходной кодировке (кодовая страница 65001).
D:\VSRepo\Game\KursProject\Game\Headers\Map.h(1,1): warning C4828: Файл содержит знак, начинающийся со смещения 0x6a, который является недопустимым в текущей исходной кодировке (кодовая страница 65001).
D:\VSRepo\Game\KursProject\Game\Headers\Map.h(1,1): warning C4828: Файл содержит знак, начинающийся со смещения 0x6e, который является недопустимым в текущей исходной кодировке (кодовая страница 65001).
D:\VSRepo\Game\KursProject\Game\Headers\Map.h(1,1): warning C4828: Файл содержит знак, начинающийся со смещения 0x71, который является недопустимым в текущей исходной кодировке (кодовая страница 65001).
D:\VSRepo\Game\KursProject\Game\Headers\Map.h(1,1): warning C4828: Файл содержит знак, начинающийся со смещения 0x74, который является недопустимым в текущей исходной кодировке (кодовая страница 65001).
D:\VSRepo\Game\KursProject\Game\Headers\Map.h(1,1): warning C4828: Файл содержит знак, начинающийся со смещения 0x77, который является недопустимым в текущей исходной кодировке (кодовая страница 65001).
D:\VSRepo\Game\KursProject\Game\Headers\Map.h(1,1): warning C4828: Файл содержит знак, начинающийся со смещения 0x7a, который является недопустимым в текущей исходной кодировке (кодовая страница 65001).
D:\VSRepo\Game\KursProject\Game\Headers\Map.h(1,1): warning C4828: Файл содержит знак, начинающийся со смещения 0x82, который является недопустимым в текущей исходной кодировке (кодовая страница 65001).
D:\VSRepo\Game\KursProject\Game\Headers\Map.h(1,1): warning C4828: Файл содержит знак, начинающийся со смещения 0x84, который является недопустимым в текущей исходной кодировке (кодовая страница 65001).
D:\VSRepo\Game\KursProject\Game\Headers\Map.h(1,1): warning C4828: Файл содержит знак, начинающийся со смещения 0x88, который является недопустимым в текущей исходной кодировке (кодовая страница 65001).
D:\VSRepo\Game\KursProject\Game\Headers\Map.h(1,1): warning C4828: Файл содержит знак, начинающийся со смещения 0x8b, который является недопустимым в текущей исходной кодировке (кодовая страница 65001).
D:\VSRepo\Game\KursProject\Game\Headers\Map.h(1,1): warning C4828: Файл содержит знак, начинающийся со смещения 0x8f, который является недопустимым в текущей исходной кодировке (кодовая страница 65001).
D:\VSRepo\Game\KursProject\Game\Headers\Map.h(1,1): warning C4828: Файл содержит знак, начинающийся со смещения 0x94, который является недопустимым в текущей исходной кодировке (кодовая страница 65001).
D:\VSRepo\Game\KursProject\Game\Headers\Map.h(1,1): warning C4828: Файл содержит знак, начинающийся со смещения 0x97, который является недопустимым в текущей исходной кодировке (кодовая страница 65001).
D:\VSRepo\Game\KursProject\Game\Headers\Map.h(1,1): warning C4828: Файл содержит знак, начинающийся со смещения 0x9a, который является недопустимым в текущей исходной кодировке (кодовая страница 65001).
D:\VSRepo\Game\KursProject\Game\Headers\Map.h(1,1): warning C4828: Файл содержит знак, начинающийся со смещения 0x9f, который является недопустимым в текущей исходной кодировке (кодовая страница 65001).
D:\VSRepo\Game\KursProject\Game\Headers\Map.h(1,1): warning C4828: Файл содержит знак, начинающийся со смещения 0xa2, который является недопустимым в текущей исходной кодировке (кодовая страница 65001).
D:\VSRepo\Game\KursProject\Game\Headers\Map.h(1,1): warning C4828: Файл содержит знак, начинающийся со смещения 0xa6, который является недопустимым в текущей исходной кодировке (кодовая страница 65001).
D:\VSRepo\Game\KursProject\Game\Headers\Map.h(1,1): warning C4828: Файл содержит знак, начинающийся со смещения 0xa9, который является недопустимым в текущей исходной кодировке (кодовая страница 65001).
D:\VSRepo\Game\KursProject\Game\Headers\Map.h(1,1): warning C4828: Файл содержит знак, начинающийся со смещения 0xac, который является недопустимым в текущей исходной кодировке (кодовая страница 65001).
D:\VSRepo\Game\KursProject\Game\Headers\Fight_map.h(1,1): warning C4828: Файл содержит знак, начинающийся со смещения 0x51, который является недопустимым в текущей исходной кодировке (кодовая страница 65001).
D:\VSRepo\Game\KursProject\Game\Headers\Fight_map.h(1,1): warning C4828: Файл содержит знак, начинающийся со смещения 0x53, который является недопустимым в текущей исходной кодировке (кодовая страница 65001).
D:\VSRepo\Game\KursProject\Game\Headers\Fight_map.h(1,1): warning C4828: Файл содержит знак, начинающийся со смещения 0x56, который является недопустимым в текущей исходной кодировке (кодовая страница 65001).
D:\VSRepo\Game\KursProject\Game\Headers\Fight_map.h(1,1): warning C4828: Файл содержит знак, начинающийся со смещения 0x59, который является недопустимым в текущей исходной кодировке (кодовая страница 65001).
D:\VSRepo\Game\KursProject\Game\Headers\Fight_map.h(1,1): warning C4828: Файл содержит знак, начинающийся со смещения 0x5c, который является недопустимым в текущей исходной кодировке (кодовая страница 65001).
D:\VSRepo\Game\KursProject\Game\Headers\Fight_map.h(1,1): warning C4828: Файл содержит знак, начинающийся со смещения 0x66, который является недопустимым в текущей исходной кодировке (кодовая страница 65001).
D:\VSRepo\Game\KursProject\Game\Headers\Fight_map.h(1,1): warning C4828: Файл содержит знак, начинающийся со смещения 0x68, который является недопустимым в текущей исходной кодировке (кодовая страница 65001).
D:\VSRepo\Game\KursProject\Game\Headers\Fight_map.h(1,1): warning C4828: Файл содержит знак, начинающийся со смещения 0x6b, который является недопустимым в текущей исходной кодировке (кодовая страница 65001).
D:\VSRepo\Game\KursProject\Game\Headers\Fight_map.h(1,1): warning C4828: Файл содержит знак, начинающийся со смещения 0x6f, который является недопустимым в текущей исходной кодировке (кодовая страница 65001).
D:\VSRepo\Game\KursProject\Game\Headers\Fight_map.h(1,1): warning C4828: Файл содержит знак, начинающийся со смещения 0x72, который является недопустимым в текущей исходной кодировке (кодовая страница 65001).
D:\VSRepo\Game\KursProject\Game\Headers\Fight_map.h(1,1): warning C4828: Файл содержит знак, начинающийся со смещения 0x76, который является недопустимым в текущей исходной кодировке (кодовая страница 65001).
D:\VSRepo\Game\KursProject\Game\Headers\Fight_map.h(1,1): warning C4828: Файл содержит знак, начинающийся со смещения 0x79, который является недопустимым в текущей исходной кодировке (кодовая страница 65001).
D:\VSRepo\Game\KursProject\Game\Headers\Fight_map.h(1,1): warning C4828: Файл содержит знак, начинающийся со смещения 0x7c, который является недопустимым в текущей исходной кодировке (кодовая страница 65001).
D:\VSRepo\Game\KursProject\Game\Headers\Fight_map.h(1,1): warning C4828: Файл содержит знак, начинающийся со смещения 0x7f, который является недопустимым в текущей исходной кодировке (кодовая страница 65001).
D:\VSRepo\Game\KursProject\Game\Headers\Fight_map.h(1,1): warning C4828: Файл содержит знак, начинающийся со смещения 0x82, который является недопустимым в текущей исходной кодировке (кодовая страница 65001).
D:\VSRepo\Game\KursProject\Game\Headers\Fight_map.h(1,1): warning C4828: Файл содержит знак, начинающийся со смещения 0x84, который является недопустимым в текущей исходной кодировке (кодовая страница 65001).
D:\VSRepo\Game\KursProject\Game\Headers\Fight_map.h(1,1): warning C4828: Файл содержит знак, начинающийся со смещения 0x8e, который является недопустимым в текущей исходной кодировке (кодовая страница 65001).
D:\VSRepo\Game\KursProject\Game\Headers\Fight_map.h(1,1): warning C4828: Файл содержит знак, начинающийся со смещения 0x90, который является недопустимым в текущей исходной кодировке (кодовая страница 65001).
D:\VSRepo\Game\KursProject\Game\Headers\Fight_map.h(1,1): warning C4828: Файл содержит знак, начинающийся со смещения 0x94, который является недопустимым в текущей исходной кодировке (кодовая страница 65001).
D:\VSRepo\Game\KursProject\Game\Headers\Fight_map.h(1,1): warning C4828: Файл содержит знак, начинающийся со смещения 0x98, который является недопустимым в текущей исходной кодировке (кодовая страница 65001).
D:\VSRepo\Game\KursProject\Game\Headers\Fight_map.h(1,1): warning C4828: Файл содержит знак, начинающийся со смещения 0x9b, который является недопустимым в текущей исходной кодировке (кодовая страница 65001).
D:\VSRepo\Game\KursProject\Game\Headers\Fight_map.h(1,1): warning C4828: Файл содержит знак, начинающийся со смещения 0xa4, который является недопустимым в текущей исходной кодировке (кодовая страница 65001).
D:\VSRepo\Game\KursProject\Game\Headers\Fight_map.h(1,1): warning C4828: Файл содержит знак, начинающийся со смещения 0xa6, который является недопустимым в текущей исходной кодировке (кодовая страница 65001).
D:\VSRepo\Game\KursProject\Game\Headers\Fight_map.h(1,1): warning C4828: Файл содержит знак, начинающийся со смещения 0xa9, который является недопустимым в текущей исходной кодировке (кодовая страница 65001).
D:\VSRepo\Game\KursProject\Game\Headers\Fight_map.h(1,1): warning C4828: Файл содержит знак, начинающийся со смещения 0xac, который является недопустимым в текущей исходной кодировке (кодовая страница 65001).
D:\VSRepo\Game\KursProject\Game\Headers\Fight_map.h(1,1): warning C4828: Файл содержит знак, начинающийся со смещения 0xb0, который является недопустимым в текущей исходной кодировке (кодовая страница 65001).
D:\VSRepo\Game\KursProject\Game\Headers\Fight_map.h(1,1): warning C4828: Файл содержит знак, начинающийся со смещения 0xb3, который является недопустимым в текущей исходной кодировке (кодовая страница 65001).
D:\VSRepo\Game\KursProject\Game\Headers\Fight_map.h(1,1): warning C4828: Файл содержит знак, начинающийся со смещения 0xb6, который является недопустимым в текущей исходной кодировке (кодовая страница 65001).
D:\VSRepo\Game\KursProject\Game\Headers\Fight_map.h(1,1): warning C4828: Файл содержит знак, начинающийся со смещения 0xba, который является недопустимым в текущей исходной кодировке (кодовая страница 65001).
D:\VSRepo\Game\KursProject\Game\Headers\Fight_map.h(1,1): warning C4828: Файл содержит знак, начинающийся со смещения 0xbd, который является недопустимым в текущей исходной кодировке (кодовая страница 65001).
D:\VSRepo\Game\KursProject\Game\Headers\Fight_map.h(1,1): warning C4828: Файл содержит знак, начинающийся со смещения 0xc1, который является недопустимым в текущей исходной кодировке (кодовая страница 65001).
D:\VSRepo\Game\KursProject\Game\Headers\Fight_map.h(1,1): warning C4828: Файл содержит знак, начинающийся со смещения 0xc4, который является недопустимым в текущей исходной кодировке (кодовая страница 65001).
D:\VSRepo\Game\KursProject\Game\Headers\Fight_map.h(1,1): warning C4828: Файл содержит знак, начинающийся со смещения 0xc7, который является недопустимым в текущей исходной кодировке (кодовая страница 65001).
D:\VSRepo\Game\KursProject\Game\Headers\Fight_map.h(1,1): warning C4828: Файл содержит знак, начинающийся со смещения 0xca, который является недопустимым в текущей исходной кодировке (кодовая страница 65001).
D:\VSRepo\Game\KursProject\Game\Headers\Fight_map.h(1,1): warning C4828: Файл содержит знак, начинающийся со смещения 0xd4, который является недопустимым в текущей исходной кодировке (кодовая страница 65001).
D:\VSRepo\Game\KursProject\Game\Headers\Fight_map.h(1,1): warning C4828: Файл содержит знак, начинающийся со смещения 0xd6, который является недопустимым в текущей исходной кодировке (кодовая страница 65001).
D:\VSRepo\Game\KursProject\Game\Headers\Fight_map.h(1,1): warning C4828: Файл содержит знак, начинающийся со смещения 0xda, который является недопустимым в текущей исходной кодировке (кодовая страница 65001).
D:\VSRepo\Game\KursProject\Game\Headers\Fight_map.h(1,1): warning C4828: Файл содержит знак, начинающийся со смещения 0xdd, который является недопустимым в текущей исходной кодировке (кодовая страница 65001).
D:\VSRepo\Game\KursProject\Game\Headers\Fight_map.h(1,1): warning C4828: Файл содержит знак, начинающийся со смещения 0xe1, который является недопустимым в текущей исходной кодировке (кодовая страница 65001).
D:\VSRepo\Game\KursProject\Game\Headers\Fight_map.h(1,1): warning C4828: Файл содержит знак, начинающийся со смещения 0xe2, который является недопустимым в текущей исходной кодировке (кодовая страница 65001).
D:\VSRepo\Game\KursProject\Game\Headers\Fight_map.h(1,1): warning C4828: Файл содержит знак, начинающийся со смещения 0xe5, который является недопустимым в текущей исходной кодировке (кодовая страница 65001).
D:\VSRepo\Game\KursProject\Game\Headers\Fight_map.h(1,1): warning C4828: Файл содержит знак, начинающийся со смещения 0xe8, который является недопустимым в текущей исходной кодировке (кодовая страница 65001).
D:\VSRepo\Game\KursProject\Game\Headers\Fight_map.h(1,1): warning C4828: Файл содержит знак, начинающийся со смещения 0xeb, который является недопустимым в текущей исходной кодировке (кодовая страница 65001).
D:\VSRepo\Game\KursProject\Game\Headers\Fight_map.h(1,1): warning C4828: Файл содержит знак, начинающийся со смещения 0xee, который является недопустимым в текущей исходной кодировке (кодовая страница 65001).
D:\VSRepo\Game\KursProject\Game\Headers\Fight_map.h(1,1): warning C4828: Файл содержит знак, начинающийся со смещения 0xf0, который является недопустимым в текущей исходной кодировке (кодовая страница 65001).
D:\VSRepo\Game\KursProject\Game\Headers\Fight_map.h(1,1): warning C4828: Файл содержит знак, начинающийся со смещения 0x119, который является недопустимым в текущей исходной кодировке (кодовая страница 65001).
D:\VSRepo\Game\KursProject\Game\Headers\Fight_map.h(1,1): warning C4828: Файл содержит знак, начинающийся со смещения 0x11b, который является недопустимым в текущей исходной кодировке (кодовая страница 65001).
D:\VSRepo\Game\KursProject\Game\Headers\Fight_map.h(1,1): warning C4828: Файл содержит знак, начинающийся со смещения 0x11e, который является недопустимым в текущей исходной кодировке (кодовая страница 65001).
D:\VSRepo\Game\KursProject\Game\Headers\Fight_map.h(1,1): warning C4828: Файл содержит знак, начинающийся со смещения 0x122, который является недопустимым в текущей исходной кодировке (кодовая страница 65001).
D:\VSRepo\Game\KursProject\Game\Headers\Fight_map.h(1,1): warning C4828: Файл содержит знак, начинающийся со смещения 0x125, который является недопустимым в текущей исходной кодировке (кодовая страница 65001).
D:\VSRepo\Game\KursProject\Game\Headers\Fight_map.h(1,1): warning C4828: Файл содержит знак, начинающийся со смещения 0x128, который является недопустимым в текущей исходной кодировке (кодовая страница 65001).
D:\VSRepo\Game\KursProject\Game\Headers\Fight_map.h(1,1): warning C4828: Файл содержит знак, начинающийся со смещения 0x12c, который является недопустимым в текущей исходной кодировке (кодовая страница 65001).
D:\VSRepo\Game\KursProject\Game\Headers\Fight_map.h(1,1): warning C4828: Файл содержит знак, начинающийся со смещения 0x130, который является недопустимым в текущей исходной кодировке (кодовая страница 65001).
D:\VSRepo\Game\KursProject\Game\Headers\Fight_map.h(1,1): warning C4828: Файл содержит знак, начинающийся со смещения 0x135, который является недопустимым в текущей исходной кодировке (кодовая страница 65001).
D:\VSRepo\Game\KursProject\Game\Headers\Fight_map.h(1,1): warning C4828: Файл содержит знак, начинающийся со смещения 0x138, который является недопустимым в текущей исходной кодировке (кодовая страница 65001).
D:\VSRepo\Game\KursProject\Game\Headers\Fight_map.h(1,1): warning C4828: Файл содержит знак, начинающийся со смещения 0x13c, который является недопустимым в текущей исходной кодировке (кодовая страница 65001).
D:\VSRepo\Game\KursProject\Game\Headers\Fight_map.h(1,1): warning C4828: Файл содержит знак, начинающийся со смещения 0x140, который является недопустимым в текущей исходной кодировке (кодовая страница 65001).
D:\VSRepo\Game\KursProject\Game\Headers\Fight_map.h(1,1): warning C4828: Файл содержит знак, начинающийся со смещения 0x143, который является недопустимым в текущей исходной кодировке (кодовая страница 65001).
D:\VSRepo\Game\KursProject\Game\Headers\Fight_map.h(1,1): warning C4828: Файл содержит знак, начинающийся со смещения 0x146, который является недопустимым в текущей исходной кодировке (кодовая страница 65001).
D:\VSRepo\Game\KursProject\Game\Headers\Fight_map.h(1,1): warning C4828: Файл содержит знак, начинающийся со смещения 0x149, который является недопустимым в текущей исходной кодировке (кодовая страница 65001).
D:\VSRepo\Game\KursProject\Game\Headers\Fight_map.h(1,1): warning C4828: Файл содержит знак, начинающийся со смещения 0x14c, который является недопустимым в текущей исходной кодировке (кодовая страница 65001).
D:\VSRepo\Game\KursProject\Game\Headers\Fight_map.h(1,1): warning C4828: Файл содержит знак, начинающийся со смещения 0x14d, который является недопустимым в текущей исходной кодировке (кодовая страница 65001).
D:\VSRepo\Game\KursProject\Game\Headers\Fight_map.h(1,1): warning C4828: Файл содержит знак, начинающийся со смещения 0x150, который является недопустимым в текущей исходной кодировке (кодовая страница 65001).
D:\VSRepo\Game\KursProject\Game\Headers\Fight_map.h(1,1): warning C4828: Файл содержит знак, начинающийся со смещения 0x153, который является недопустимым в текущей исходной кодировке (кодовая страница 65001).
D:\VSRepo\Game\KursProject\Game\Headers\Fight_map.h(1,1): warning C4828: Файл содержит знак, начинающийся со смещения 0x156, который является недопустимым в текущей исходной кодировке (кодовая страница 65001).
D:\VSRepo\Game\KursProject\Game\Headers\Fight_map.h(1,1): warning C4828: Файл содержит знак, начинающийся со смещения 0x159, который является недопустимым в текущей исходной кодировке (кодовая страница 65001).
D:\VSRepo\Game\KursProject\Game\Headers\Fight_map.h(1,1): warning C4828: Файл содержит знак, начинающийся со смещения 0x15e, который является недопустимым в текущей исходной кодировке (кодовая страница 65001).
D:\VSRepo\Game\KursProject\Game\Headers\Fight_map.h(1,1): warning C4828: Файл содержит знак, начинающийся со смещения 0x161, который является недопустимым в текущей исходной кодировке (кодовая страница 65001).
D:\VSRepo\Game\KursProject\Game\Headers\Fight_map.h(1,1): warning C4828: Файл содержит знак, начинающийся со смещения 0x165, который является недопустимым в текущей исходной кодировке (кодовая страница 65001).
D:\VSRepo\Game\KursProject\Game\Headers\Fight_map.h(1,1): warning C4828: Файл содержит знак, начинающийся со смещения 0x16a, который является недопустимым в текущей исходной кодировке (кодовая страница 65001).
D:\VSRepo\Game\KursProject\Game\Headers\Fight_map.h(1,1): warning C4828: Файл содержит знак, начинающийся со смещения 0x16e, который является недопустимым в текущей исходной кодировке (кодовая страница 65001).
D:\VSRepo\Game\KursProject\Game\Headers\Fight_map.h(1,1): warning C4828: Файл содержит знак, начинающийся со смещения 0x171, который является недопустимым в текущей исходной кодировке (кодовая страница 65001).
D:\VSRepo\Game\KursProject\Game\Headers\Fight_map.h(1,1): warning C4828: Файл содержит знак, начинающийся со смещения 0x174, который является недопустимым в текущей исходной кодировке (кодовая страница 65001).
D:\VSRepo\Game\KursProject\Game\Headers\Fight_map.h(1,1): warning C4828: Файл содержит знак, начинающийся со смещения 0x177, который является недопустимым в текущей исходной кодировке (кодовая страница 65001).
D:\VSRepo\Game\KursProject\Game\Headers\Fight_map.h(1,1): warning C4828: Файл содержит знак, начинающийся со смещения 0x17a, который является недопустимым в текущей исходной кодировке (кодовая страница 65001).
D:\VSRepo\Game\KursProject\Game\Headers\Fight_map.h(1,1): warning C4828: Файл содержит знак, начинающийся со смещения 0x17d, который является недопустимым в текущей исходной кодировке (кодовая страница 65001).
D:\VSRepo\Game\KursProject\Game\Headers\Fight_map.h(1,1): warning C4828: Файл содержит знак, начинающийся со смещения 0x180, который является недопустимым в текущей исходной кодировке (кодовая страница 65001).
D:\VSRepo\Game\KursProject\Game\Engine\Window.cpp(17,91): warning C4244: аргумент: преобразование "T" в "T", возможна потеря данных
          with
          [
              T=unsigned int
          ]
          and
          [
              T=float
          ]
D:\VSRepo\Game\KursProject\Game\Engine\Window.cpp(17,66): warning C4244: аргумент: преобразование "T" в "T", возможна потеря данных
          with
          [
              T=unsigned int
          ]
          and
          [
              T=float
          ]
D:\VSRepo\Game\KursProject\Game\Engine\Window.cpp(37,15): warning C4244: аргумент: преобразование "time_t" в "unsigned int", возможна потеря данных
D:\VSRepo\Game\KursProject\Game\Engine\Window.cpp(89,103): warning C4244: аргумент: преобразование "T" в "T", возможна потеря данных
          with
          [
              T=unsigned int
          ]
          and
          [
              T=float
          ]
D:\VSRepo\Game\KursProject\Game\Engine\Window.cpp(89,78): warning C4244: аргумент: преобразование "T" в "T", возможна потеря данных
          with
          [
              T=unsigned int
          ]
          and
          [
              T=float
          ]
D:\VSRepo\Game\KursProject\Game\Engine\Window.cpp(200,19): warning C4244: аргумент: преобразование "int" в "float", возможна потеря данных
D:\VSRepo\Game\KursProject\Game\Engine\Window.cpp(200,16): warning C4244: аргумент: преобразование "int" в "float", возможна потеря данных
D:\VSRepo\Game\KursProject\Game\Engine\Window.cpp(205,24): warning C4244: аргумент: преобразование "int" в "float", возможна потеря данных
D:\VSRepo\Game\KursProject\Game\Engine\Window.cpp(205,21): warning C4244: аргумент: преобразование "int" в "float", возможна потеря данных
  Создание кода
  30 of 989 functions ( 3.0%) were compiled, the rest were copied from previous compilation.
    2 functions were new in current compilation
    24 functions had inline decision re-evaluated but remain unchanged
  Создание кода завершено
  Game.vcxproj -> D:\VSRepo\Game\KursProject\Release\Game.exe
