  Enemy.cpp
D:\VSRepo\Game\KursProject\Game\Headers\level.h(3,10): fatal error C1083: Не удается открыть файл включение: SFML/Graphics.hpp: No such file or directory,
  Entity.cpp
D:\VSRepo\Game\KursProject\Game\Headers\level.h(3,10): fatal error C1083: Не удается открыть файл включение: SFML/Graphics.hpp: No such file or directory,
  Fight_map.cpp
D:\VSRepo\Game\KursProject\Game\Headers\Level.h(3,10): fatal error C1083: Не удается открыть файл включение: SFML/Graphics.hpp: No such file or directory,
  Hero.cpp
D:\VSRepo\Game\KursProject\Game\Headers\Level.h(3,10): fatal error C1083: Не удается открыть файл включение: SFML/Graphics.hpp: No such file or directory,
  LabLevel.cpp
D:\VSRepo\Game\KursProject\Game\Headers\Level.h(3,10): fatal error C1083: Не удается открыть файл включение: SFML/Graphics.hpp: No such file or directory,
  Level.cpp
D:\VSRepo\Game\KursProject\Game\Headers\level.h(3,10): fatal error C1083: Не удается открыть файл включение: SFML/Graphics.hpp: No such file or directory,
  Main.cpp
D:\VSRepo\Game\KursProject\Game\Headers\Level.h(3,10): fatal error C1083: Не удается открыть файл включение: SFML/Graphics.hpp: No such file or directory,
  Map.cpp
D:\VSRepo\Game\KursProject\Game\Headers\Tiles.h(2,10): fatal error C1083: Не удается открыть файл включение: SFML/Graphics.hpp: No such file or directory,
  Tiles.cpp
D:\VSRepo\Game\KursProject\Game\Headers\Tiles.h(2,10): fatal error C1083: Не удается открыть файл включение: SFML/Graphics.hpp: No such file or directory,
  tinyxml2.cpp
  Window.cpp
D:\VSRepo\Game\KursProject\Game\Headers\Level.h(3,10): fatal error C1083: Не удается открыть файл включение: SFML/Graphics.hpp: No such file or directory,
  Создание кода...
