d:\study\kursproject\kursproject\game\debug\vc142.pdb
d:\study\kursproject\kursproject\game\debug\vc142.idb
d:\study\kursproject\kursproject\game\debug\window.obj
d:\study\kursproject\kursproject\game\debug\tinyxml2.obj
d:\study\kursproject\kursproject\game\debug\tiles.obj
d:\study\kursproject\kursproject\game\debug\map.obj
d:\study\kursproject\kursproject\game\debug\main.obj
d:\study\kursproject\kursproject\game\debug\level.obj
d:\study\kursproject\kursproject\game\debug\hero.obj
d:\study\kursproject\kursproject\game\debug\entity.obj
d:\study\kursproject\kursproject\game\debug\enemy.obj
d:\study\kursproject\kursproject\debug\game.exe
d:\study\kursproject\kursproject\game\debug\game.ilk
d:\study\kursproject\kursproject\debug\game.pdb
d:\study\kursproject\kursproject\game\debug\enemy.new.obj.enc
d:\study\kursproject\kursproject\game\debug\hero.new.obj.enc
d:\study\kursproject\kursproject\game\debug\main.new.obj.enc
d:\study\kursproject\kursproject\game\debug\window.new.obj.enc
d:\study\kursproject\kursproject\game\debug\game.tlog\cl.command.1.tlog
d:\study\kursproject\kursproject\game\debug\game.tlog\cl.read.1.tlog
d:\study\kursproject\kursproject\game\debug\game.tlog\cl.write.1.tlog
d:\study\kursproject\kursproject\game\debug\game.tlog\link.command.1.tlog
d:\study\kursproject\kursproject\game\debug\game.tlog\link.read.1.tlog
d:\study\kursproject\kursproject\game\debug\game.tlog\link.write.1.tlog
